0 info it worked if it ends with ok
1 verbose cli [ '/usr/local/bin/node', '/usr/local/bin/npm', 'install' ]
2 info using npm@3.10.10
3 info using node@v6.11.2
4 silly loadCurrentTree Starting
5 silly install loadCurrentTree
6 silly install readLocalPackageData
7 silly install normalizeTree
8 silly loadCurrentTree Finishing
9 silly loadIdealTree Starting
10 silly install loadIdealTree
11 silly cloneCurrentTree Starting
12 silly install cloneCurrentTreeToIdealTree
13 silly cloneCurrentTree Finishing
14 silly loadShrinkwrap Starting
15 silly install loadShrinkwrap
16 silly loadShrinkwrap Finishing
17 silly loadAllDepsIntoIdealTree Starting
18 silly install loadAllDepsIntoIdealTree
19 silly loadAllDepsIntoIdealTree Finishing
20 silly loadIdealTree Finishing
21 silly currentTree frontend-challenge@1.0.0
21 silly currentTree ├── abbrev@1.1.1
21 silly currentTree ├── amdefine@1.0.1
21 silly currentTree ├── ansi-regex@2.1.1
21 silly currentTree ├── ansi-styles@2.2.1
21 silly currentTree ├── aproba@1.2.0
21 silly currentTree ├── are-we-there-yet@1.1.4
21 silly currentTree ├── array-find-index@1.0.2
21 silly currentTree ├── asn1@0.2.3
21 silly currentTree ├── assert-plus@0.2.0
21 silly currentTree ├── async-foreach@0.1.3
21 silly currentTree ├── async@0.9.0
21 silly currentTree ├── asynckit@0.4.0
21 silly currentTree ├── aws-sign2@0.6.0
21 silly currentTree ├── aws4@1.6.0
21 silly currentTree ├── balanced-match@1.0.0
21 silly currentTree ├── bcrypt-pbkdf@1.0.1
21 silly currentTree ├── block-stream@0.0.9
21 silly currentTree ├── boom@2.10.1
21 silly currentTree ├── brace-expansion@1.1.11
21 silly currentTree ├─┬ build-css@0.2.0
21 silly currentTree │ └── async@0.7.0
21 silly currentTree ├── builtin-modules@1.1.1
21 silly currentTree ├── camelcase-keys@2.1.0
21 silly currentTree ├── camelcase@2.1.1
21 silly currentTree ├── caseless@0.11.0
21 silly currentTree ├── chalk@1.1.3
21 silly currentTree ├─┬ clean-css@2.1.8
21 silly currentTree │ └── commander@2.1.0
21 silly currentTree ├── cliui@3.2.0
21 silly currentTree ├── code-point-at@1.1.0
21 silly currentTree ├── colors@1.0.3
21 silly currentTree ├── combined-stream@1.0.6
21 silly currentTree ├── commander@2.14.1
21 silly currentTree ├── concat-map@0.0.1
21 silly currentTree ├── console-control-strings@1.1.0
21 silly currentTree ├── core-util-is@1.0.2
21 silly currentTree ├── corser@2.0.1
21 silly currentTree ├── cross-spawn@3.0.1
21 silly currentTree ├── cryptiles@2.0.5
21 silly currentTree ├── ctype@0.5.3
21 silly currentTree ├── currently-unhandled@0.4.1
21 silly currentTree ├─┬ dashdash@1.14.1
21 silly currentTree │ └── assert-plus@1.0.0
21 silly currentTree ├── decamelize@1.2.0
21 silly currentTree ├── delayed-stream@1.0.0
21 silly currentTree ├── delegates@1.0.0
21 silly currentTree ├── ecc-jsbn@0.1.1
21 silly currentTree ├── ecstatic@1.4.1
21 silly currentTree ├── error-ex@1.3.1
21 silly currentTree ├── escape-string-regexp@1.0.5
21 silly currentTree ├── eventemitter3@1.2.0
21 silly currentTree ├── extend@3.0.1
21 silly currentTree ├── extsprintf@1.3.0
21 silly currentTree ├── find-up@1.1.2
21 silly currentTree ├── forever-agent@0.6.1
21 silly currentTree ├── form-data@2.1.4
21 silly currentTree ├── fs.realpath@1.0.0
21 silly currentTree ├── fstream@1.0.11
21 silly currentTree ├── gauge@2.7.4
21 silly currentTree ├── gaze@1.1.2
21 silly currentTree ├── generate-function@2.0.0
21 silly currentTree ├── generate-object-property@1.2.0
21 silly currentTree ├── get-caller-file@1.0.2
21 silly currentTree ├── get-stdin@4.0.1
21 silly currentTree ├─┬ getpass@0.1.7
21 silly currentTree │ └── assert-plus@1.0.0
21 silly currentTree ├── glob@7.1.2
21 silly currentTree ├── globule@1.2.0
21 silly currentTree ├── graceful-fs@4.1.11
21 silly currentTree ├── har-validator@2.0.6
21 silly currentTree ├── has-ansi@2.0.0
21 silly currentTree ├── has-unicode@2.0.1
21 silly currentTree ├── hawk@3.1.3
21 silly currentTree ├── he@0.5.0
21 silly currentTree ├── hoek@2.16.3
21 silly currentTree ├── hosted-git-info@2.5.0
21 silly currentTree ├── http-proxy@1.16.2
21 silly currentTree ├── http-server@0.9.0
21 silly currentTree ├── http-signature@1.1.1
21 silly currentTree ├── in-publish@2.0.0
21 silly currentTree ├── indent-string@2.1.0
21 silly currentTree ├── inflight@1.0.6
21 silly currentTree ├── inherits@2.0.3
21 silly currentTree ├── invert-kv@1.0.0
21 silly currentTree ├── is-arrayish@0.2.1
21 silly currentTree ├── is-builtin-module@1.0.0
21 silly currentTree ├── is-finite@1.0.2
21 silly currentTree ├── is-fullwidth-code-point@1.0.0
21 silly currentTree ├── is-my-ip-valid@1.0.0
21 silly currentTree ├── is-my-json-valid@2.17.2
21 silly currentTree ├── is-property@1.0.2
21 silly currentTree ├── is-typedarray@1.0.0
21 silly currentTree ├── is-utf8@0.2.1
21 silly currentTree ├── isarray@1.0.0
21 silly currentTree ├── isexe@2.0.0
21 silly currentTree ├── isstream@0.1.2
21 silly currentTree ├── js-base64@2.4.3
21 silly currentTree ├── jsbn@0.1.1
21 silly currentTree ├── json-schema@0.2.3
21 silly currentTree ├── json-stringify-safe@5.0.1
21 silly currentTree ├── jsonpointer@4.0.1
21 silly currentTree ├─┬ jsprim@1.4.1
21 silly currentTree │ └── assert-plus@1.0.0
21 silly currentTree ├── lcid@1.0.0
21 silly currentTree ├─┬ less@1.7.5
21 silly currentTree │ ├── asn1@0.1.11
21 silly currentTree │ ├── assert-plus@0.1.5
21 silly currentTree │ ├── aws-sign2@0.5.0
21 silly currentTree │ ├── boom@0.4.2
21 silly currentTree │ ├── clean-css@2.2.23
21 silly currentTree │ ├── combined-stream@0.0.7
21 silly currentTree │ ├── commander@2.2.0
21 silly currentTree │ ├── cryptiles@0.2.2
21 silly currentTree │ ├── delayed-stream@0.0.5
21 silly currentTree │ ├── forever-agent@0.5.2
21 silly currentTree │ ├── form-data@0.1.4
21 silly currentTree │ ├── graceful-fs@3.0.11
21 silly currentTree │ ├── hawk@1.1.1
21 silly currentTree │ ├── hoek@0.9.1
21 silly currentTree │ ├── http-signature@0.10.1
21 silly currentTree │ ├── mime-types@1.0.2
21 silly currentTree │ ├── mime@1.2.11
21 silly currentTree │ ├── node-uuid@1.4.8
21 silly currentTree │ ├── oauth-sign@0.3.0
21 silly currentTree │ ├── qs@1.0.2
21 silly currentTree │ ├── request@2.40.0
21 silly currentTree │ ├── sntp@0.2.4
21 silly currentTree │ └── source-map@0.1.43
21 silly currentTree ├── load-json-file@1.1.0
21 silly currentTree ├── lodash.assign@4.2.0
21 silly currentTree ├── lodash.clonedeep@4.5.0
21 silly currentTree ├── lodash.mergewith@4.6.1
21 silly currentTree ├── lodash@4.17.5
21 silly currentTree ├── loud-rejection@1.6.0
21 silly currentTree ├── lru-cache@4.1.1
21 silly currentTree ├── map-obj@1.0.1
21 silly currentTree ├── meow@3.7.0
21 silly currentTree ├── mime-db@1.33.0
21 silly currentTree ├── mime-types@2.1.18
21 silly currentTree ├── mime@1.6.0
21 silly currentTree ├── minimatch@3.0.4
21 silly currentTree ├── minimist@1.2.0
21 silly currentTree ├─┬ mkdirp@0.5.1
21 silly currentTree │ └── minimist@0.0.8
21 silly currentTree ├── nan@2.9.2
21 silly currentTree ├── natives@1.1.1
21 silly currentTree ├─┬ node-gyp@3.6.2
21 silly currentTree │ └── semver@5.3.0
21 silly currentTree ├── node-sass@4.7.2
21 silly currentTree ├── nopt@3.0.6
21 silly currentTree ├── normalize-package-data@2.4.0
21 silly currentTree ├── npmlog@4.1.2
21 silly currentTree ├── number-is-nan@1.0.1
21 silly currentTree ├── oauth-sign@0.8.2
21 silly currentTree ├── object-assign@4.1.1
21 silly currentTree ├── once@1.4.0
21 silly currentTree ├── opener@1.4.3
21 silly currentTree ├─┬ optimist@0.6.1
21 silly currentTree │ └── minimist@0.0.10
21 silly currentTree ├── os-homedir@1.0.2
21 silly currentTree ├── os-locale@1.4.0
21 silly currentTree ├── os-tmpdir@1.0.2
21 silly currentTree ├── osenv@0.1.5
21 silly currentTree ├── parse-json@2.2.0
21 silly currentTree ├── path-exists@2.1.0
21 silly currentTree ├── path-is-absolute@1.0.1
21 silly currentTree ├── path-type@1.1.0
21 silly currentTree ├── pify@2.3.0
21 silly currentTree ├── pinkie-promise@2.0.1
21 silly currentTree ├── pinkie@2.0.4
21 silly currentTree ├── portfinder@0.4.0
21 silly currentTree ├── process-nextick-args@2.0.0
21 silly currentTree ├── pseudomap@1.0.2
21 silly currentTree ├── punycode@1.4.1
21 silly currentTree ├── qs@2.3.3
21 silly currentTree ├── read-pkg-up@1.0.1
21 silly currentTree ├── read-pkg@1.1.0
21 silly currentTree ├── readable-stream@2.3.4
21 silly currentTree ├── redent@1.0.0
21 silly currentTree ├── repeating@2.0.1
21 silly currentTree ├─┬ request@2.79.0
21 silly currentTree │ └── qs@6.3.2
21 silly currentTree ├── require-directory@2.1.1
21 silly currentTree ├── require-main-filename@1.0.1
21 silly currentTree ├── requires-port@1.0.0
21 silly currentTree ├── rimraf@2.6.2
21 silly currentTree ├── safe-buffer@5.1.1
21 silly currentTree ├── sass-graph@2.2.4
21 silly currentTree ├── scss-tokenizer@0.2.3
21 silly currentTree ├── semver@5.5.0
21 silly currentTree ├── set-blocking@2.0.0
21 silly currentTree ├── signal-exit@3.0.2
21 silly currentTree ├── sntp@1.0.9
21 silly currentTree ├── source-map@0.4.4
21 silly currentTree ├── spdx-correct@3.0.0
21 silly currentTree ├── spdx-exceptions@2.1.0
21 silly currentTree ├── spdx-expression-parse@3.0.0
21 silly currentTree ├── spdx-license-ids@3.0.0
21 silly currentTree ├─┬ sshpk@1.13.1
21 silly currentTree │ └── assert-plus@1.0.0
21 silly currentTree ├── stdout-stream@1.4.0
21 silly currentTree ├── string_decoder@1.0.3
21 silly currentTree ├── string-width@1.0.2
21 silly currentTree ├── stringstream@0.0.5
21 silly currentTree ├── strip-ansi@3.0.1
21 silly currentTree ├── strip-bom@2.0.0
21 silly currentTree ├── strip-indent@1.0.1
21 silly currentTree ├── supports-color@2.0.0
21 silly currentTree ├── tar@2.2.1
21 silly currentTree ├── tough-cookie@2.3.4
21 silly currentTree ├── trim-newlines@1.0.0
21 silly currentTree ├─┬ true-case-path@1.0.2
21 silly currentTree │ └── glob@6.0.4
21 silly currentTree ├── tunnel-agent@0.4.3
21 silly currentTree ├── tweetnacl@0.14.5
21 silly currentTree ├── union@0.4.6
21 silly currentTree ├── url-join@1.1.0
21 silly currentTree ├── util-deprecate@1.0.2
21 silly currentTree ├── uuid@3.2.1
21 silly currentTree ├── validate-npm-package-license@3.0.3
21 silly currentTree ├─┬ verror@1.10.0
21 silly currentTree │ └── assert-plus@1.0.0
21 silly currentTree ├── which-module@1.0.0
21 silly currentTree ├── which@1.3.0
21 silly currentTree ├── wide-align@1.1.2
21 silly currentTree ├── wordwrap@0.0.3
21 silly currentTree ├── wrap-ansi@2.1.0
21 silly currentTree ├── wrappy@1.0.2
21 silly currentTree ├── xtend@4.0.1
21 silly currentTree ├── y18n@3.2.1
21 silly currentTree ├── yallist@2.1.2
21 silly currentTree ├─┬ yargs-parser@5.0.0
21 silly currentTree │ └── camelcase@3.0.0
21 silly currentTree └─┬ yargs@7.1.0
21 silly currentTree   └── camelcase@3.0.0
22 silly idealTree frontend-challenge@1.0.0
22 silly idealTree ├── abbrev@1.1.1
22 silly idealTree ├── amdefine@1.0.1
22 silly idealTree ├── ansi-regex@2.1.1
22 silly idealTree ├── ansi-styles@2.2.1
22 silly idealTree ├── aproba@1.2.0
22 silly idealTree ├── are-we-there-yet@1.1.4
22 silly idealTree ├── array-find-index@1.0.2
22 silly idealTree ├── asn1@0.2.3
22 silly idealTree ├── assert-plus@0.2.0
22 silly idealTree ├── async-foreach@0.1.3
22 silly idealTree ├── async@0.9.0
22 silly idealTree ├── asynckit@0.4.0
22 silly idealTree ├── aws-sign2@0.6.0
22 silly idealTree ├── aws4@1.6.0
22 silly idealTree ├── balanced-match@1.0.0
22 silly idealTree ├── bcrypt-pbkdf@1.0.1
22 silly idealTree ├── block-stream@0.0.9
22 silly idealTree ├── boom@2.10.1
22 silly idealTree ├── brace-expansion@1.1.11
22 silly idealTree ├─┬ build-css@0.2.0
22 silly idealTree │ └── async@0.7.0
22 silly idealTree ├── builtin-modules@1.1.1
22 silly idealTree ├── camelcase-keys@2.1.0
22 silly idealTree ├── camelcase@2.1.1
22 silly idealTree ├── caseless@0.11.0
22 silly idealTree ├── chalk@1.1.3
22 silly idealTree ├─┬ clean-css@2.1.8
22 silly idealTree │ └── commander@2.1.0
22 silly idealTree ├── cliui@3.2.0
22 silly idealTree ├── code-point-at@1.1.0
22 silly idealTree ├── colors@1.0.3
22 silly idealTree ├── combined-stream@1.0.6
22 silly idealTree ├── commander@2.14.1
22 silly idealTree ├── concat-map@0.0.1
22 silly idealTree ├── console-control-strings@1.1.0
22 silly idealTree ├── core-util-is@1.0.2
22 silly idealTree ├── corser@2.0.1
22 silly idealTree ├── cross-spawn@3.0.1
22 silly idealTree ├── cryptiles@2.0.5
22 silly idealTree ├── ctype@0.5.3
22 silly idealTree ├── currently-unhandled@0.4.1
22 silly idealTree ├─┬ dashdash@1.14.1
22 silly idealTree │ └── assert-plus@1.0.0
22 silly idealTree ├── decamelize@1.2.0
22 silly idealTree ├── delayed-stream@1.0.0
22 silly idealTree ├── delegates@1.0.0
22 silly idealTree ├── ecc-jsbn@0.1.1
22 silly idealTree ├── ecstatic@1.4.1
22 silly idealTree ├── error-ex@1.3.1
22 silly idealTree ├── escape-string-regexp@1.0.5
22 silly idealTree ├── eventemitter3@1.2.0
22 silly idealTree ├── extend@3.0.1
22 silly idealTree ├── extsprintf@1.3.0
22 silly idealTree ├── find-up@1.1.2
22 silly idealTree ├── forever-agent@0.6.1
22 silly idealTree ├── form-data@2.1.4
22 silly idealTree ├── fs.realpath@1.0.0
22 silly idealTree ├── fstream@1.0.11
22 silly idealTree ├── gauge@2.7.4
22 silly idealTree ├── gaze@1.1.2
22 silly idealTree ├── generate-function@2.0.0
22 silly idealTree ├── generate-object-property@1.2.0
22 silly idealTree ├── get-caller-file@1.0.2
22 silly idealTree ├── get-stdin@4.0.1
22 silly idealTree ├─┬ getpass@0.1.7
22 silly idealTree │ └── assert-plus@1.0.0
22 silly idealTree ├── glob@7.1.2
22 silly idealTree ├── globule@1.2.0
22 silly idealTree ├── graceful-fs@4.1.11
22 silly idealTree ├── har-validator@2.0.6
22 silly idealTree ├── has-ansi@2.0.0
22 silly idealTree ├── has-unicode@2.0.1
22 silly idealTree ├── hawk@3.1.3
22 silly idealTree ├── he@0.5.0
22 silly idealTree ├── hoek@2.16.3
22 silly idealTree ├── hosted-git-info@2.5.0
22 silly idealTree ├── http-proxy@1.16.2
22 silly idealTree ├── http-server@0.9.0
22 silly idealTree ├── http-signature@1.1.1
22 silly idealTree ├── in-publish@2.0.0
22 silly idealTree ├── indent-string@2.1.0
22 silly idealTree ├── inflight@1.0.6
22 silly idealTree ├── inherits@2.0.3
22 silly idealTree ├── invert-kv@1.0.0
22 silly idealTree ├── is-arrayish@0.2.1
22 silly idealTree ├── is-builtin-module@1.0.0
22 silly idealTree ├── is-finite@1.0.2
22 silly idealTree ├── is-fullwidth-code-point@1.0.0
22 silly idealTree ├── is-my-ip-valid@1.0.0
22 silly idealTree ├── is-my-json-valid@2.17.2
22 silly idealTree ├── is-property@1.0.2
22 silly idealTree ├── is-typedarray@1.0.0
22 silly idealTree ├── is-utf8@0.2.1
22 silly idealTree ├── isarray@1.0.0
22 silly idealTree ├── isexe@2.0.0
22 silly idealTree ├── isstream@0.1.2
22 silly idealTree ├── js-base64@2.4.3
22 silly idealTree ├── jsbn@0.1.1
22 silly idealTree ├── json-schema@0.2.3
22 silly idealTree ├── json-stringify-safe@5.0.1
22 silly idealTree ├── jsonpointer@4.0.1
22 silly idealTree ├─┬ jsprim@1.4.1
22 silly idealTree │ └── assert-plus@1.0.0
22 silly idealTree ├── lcid@1.0.0
22 silly idealTree ├─┬ less@1.7.5
22 silly idealTree │ ├── asn1@0.1.11
22 silly idealTree │ ├── assert-plus@0.1.5
22 silly idealTree │ ├── aws-sign2@0.5.0
22 silly idealTree │ ├── boom@0.4.2
22 silly idealTree │ ├── clean-css@2.2.23
22 silly idealTree │ ├── combined-stream@0.0.7
22 silly idealTree │ ├── commander@2.2.0
22 silly idealTree │ ├── cryptiles@0.2.2
22 silly idealTree │ ├── delayed-stream@0.0.5
22 silly idealTree │ ├── forever-agent@0.5.2
22 silly idealTree │ ├── form-data@0.1.4
22 silly idealTree │ ├── graceful-fs@3.0.11
22 silly idealTree │ ├── hawk@1.1.1
22 silly idealTree │ ├── hoek@0.9.1
22 silly idealTree │ ├── http-signature@0.10.1
22 silly idealTree │ ├── mime-types@1.0.2
22 silly idealTree │ ├── mime@1.2.11
22 silly idealTree │ ├── node-uuid@1.4.8
22 silly idealTree │ ├── oauth-sign@0.3.0
22 silly idealTree │ ├── qs@1.0.2
22 silly idealTree │ ├── request@2.40.0
22 silly idealTree │ ├── sntp@0.2.4
22 silly idealTree │ └── source-map@0.1.43
22 silly idealTree ├── load-json-file@1.1.0
22 silly idealTree ├── lodash.assign@4.2.0
22 silly idealTree ├── lodash.clonedeep@4.5.0
22 silly idealTree ├── lodash.mergewith@4.6.1
22 silly idealTree ├── lodash@4.17.5
22 silly idealTree ├── loud-rejection@1.6.0
22 silly idealTree ├── lru-cache@4.1.1
22 silly idealTree ├── map-obj@1.0.1
22 silly idealTree ├── meow@3.7.0
22 silly idealTree ├── mime-db@1.33.0
22 silly idealTree ├── mime-types@2.1.18
22 silly idealTree ├── mime@1.6.0
22 silly idealTree ├── minimatch@3.0.4
22 silly idealTree ├── minimist@1.2.0
22 silly idealTree ├─┬ mkdirp@0.5.1
22 silly idealTree │ └── minimist@0.0.8
22 silly idealTree ├── nan@2.9.2
22 silly idealTree ├── natives@1.1.1
22 silly idealTree ├─┬ node-gyp@3.6.2
22 silly idealTree │ └── semver@5.3.0
22 silly idealTree ├── node-sass@4.7.2
22 silly idealTree ├── nopt@3.0.6
22 silly idealTree ├── normalize-package-data@2.4.0
22 silly idealTree ├── npmlog@4.1.2
22 silly idealTree ├── number-is-nan@1.0.1
22 silly idealTree ├── oauth-sign@0.8.2
22 silly idealTree ├── object-assign@4.1.1
22 silly idealTree ├── once@1.4.0
22 silly idealTree ├── opener@1.4.3
22 silly idealTree ├─┬ optimist@0.6.1
22 silly idealTree │ └── minimist@0.0.10
22 silly idealTree ├── os-homedir@1.0.2
22 silly idealTree ├── os-locale@1.4.0
22 silly idealTree ├── os-tmpdir@1.0.2
22 silly idealTree ├── osenv@0.1.5
22 silly idealTree ├── parse-json@2.2.0
22 silly idealTree ├── path-exists@2.1.0
22 silly idealTree ├── path-is-absolute@1.0.1
22 silly idealTree ├── path-type@1.1.0
22 silly idealTree ├── pify@2.3.0
22 silly idealTree ├── pinkie-promise@2.0.1
22 silly idealTree ├── pinkie@2.0.4
22 silly idealTree ├── portfinder@0.4.0
22 silly idealTree ├── process-nextick-args@2.0.0
22 silly idealTree ├── pseudomap@1.0.2
22 silly idealTree ├── punycode@1.4.1
22 silly idealTree ├── qs@2.3.3
22 silly idealTree ├── read-pkg-up@1.0.1
22 silly idealTree ├── read-pkg@1.1.0
22 silly idealTree ├── readable-stream@2.3.4
22 silly idealTree ├── redent@1.0.0
22 silly idealTree ├── repeating@2.0.1
22 silly idealTree ├─┬ request@2.79.0
22 silly idealTree │ └── qs@6.3.2
22 silly idealTree ├── require-directory@2.1.1
22 silly idealTree ├── require-main-filename@1.0.1
22 silly idealTree ├── requires-port@1.0.0
22 silly idealTree ├── rimraf@2.6.2
22 silly idealTree ├── safe-buffer@5.1.1
22 silly idealTree ├── sass-graph@2.2.4
22 silly idealTree ├── scss-tokenizer@0.2.3
22 silly idealTree ├── semver@5.5.0
22 silly idealTree ├── set-blocking@2.0.0
22 silly idealTree ├── signal-exit@3.0.2
22 silly idealTree ├── sntp@1.0.9
22 silly idealTree ├── source-map@0.4.4
22 silly idealTree ├── spdx-correct@3.0.0
22 silly idealTree ├── spdx-exceptions@2.1.0
22 silly idealTree ├── spdx-expression-parse@3.0.0
22 silly idealTree ├── spdx-license-ids@3.0.0
22 silly idealTree ├─┬ sshpk@1.13.1
22 silly idealTree │ └── assert-plus@1.0.0
22 silly idealTree ├── stdout-stream@1.4.0
22 silly idealTree ├── string_decoder@1.0.3
22 silly idealTree ├── string-width@1.0.2
22 silly idealTree ├── stringstream@0.0.5
22 silly idealTree ├── strip-ansi@3.0.1
22 silly idealTree ├── strip-bom@2.0.0
22 silly idealTree ├── strip-indent@1.0.1
22 silly idealTree ├── supports-color@2.0.0
22 silly idealTree ├── tar@2.2.1
22 silly idealTree ├── tough-cookie@2.3.4
22 silly idealTree ├── trim-newlines@1.0.0
22 silly idealTree ├─┬ true-case-path@1.0.2
22 silly idealTree │ └── glob@6.0.4
22 silly idealTree ├── tunnel-agent@0.4.3
22 silly idealTree ├── tweetnacl@0.14.5
22 silly idealTree ├── union@0.4.6
22 silly idealTree ├── url-join@1.1.0
22 silly idealTree ├── util-deprecate@1.0.2
22 silly idealTree ├── uuid@3.2.1
22 silly idealTree ├── validate-npm-package-license@3.0.3
22 silly idealTree ├─┬ verror@1.10.0
22 silly idealTree │ └── assert-plus@1.0.0
22 silly idealTree ├── which-module@1.0.0
22 silly idealTree ├── which@1.3.0
22 silly idealTree ├── wide-align@1.1.2
22 silly idealTree ├── wordwrap@0.0.3
22 silly idealTree ├── wrap-ansi@2.1.0
22 silly idealTree ├── wrappy@1.0.2
22 silly idealTree ├── xtend@4.0.1
22 silly idealTree ├── y18n@3.2.1
22 silly idealTree ├── yallist@2.1.2
22 silly idealTree ├─┬ yargs-parser@5.0.0
22 silly idealTree │ └── camelcase@3.0.0
22 silly idealTree └─┬ yargs@7.1.0
22 silly idealTree   └── camelcase@3.0.0
23 silly generateActionsToTake Starting
24 silly install generateActionsToTake
25 silly generateActionsToTake Finishing
26 silly diffTrees action count 0
27 silly decomposeActions action count 0
28 silly runTopLevelLifecycles Starting
29 silly install runPreinstallTopLevelLifecycles
30 silly preinstall frontend-challenge@1.0.0 /Users/guilhermebranco/Documents/Trabalho/Mercedes/SINFO-frontend-challenge/frontend-challenge-01a8c2e4
31 info lifecycle frontend-challenge@1.0.0~preinstall: frontend-challenge@1.0.0
32 silly lifecycle frontend-challenge@1.0.0~preinstall: no script for preinstall, continuing
33 silly executeActions Starting
34 silly install executeActions
35 silly doSerial global-install 0
36 silly doParallel fetch 0
37 verbose correctMkdir /Users/guilhermebranco/.npm/_locks correctMkdir not in flight; initializing
38 verbose lock using /Users/guilhermebranco/.npm/_locks/staging-977235078de3b08b.lock for /Users/guilhermebranco/Documents/Trabalho/Mercedes/SINFO-frontend-challenge/node_modules/.staging
39 silly doParallel extract 0
40 silly doParallel preinstall 0
41 silly doReverseSerial remove 0
42 silly doSerial move 0
43 silly doSerial finalize 0
44 silly doSerial build 0
45 silly doSerial global-link 0
46 silly doParallel update-linked 0
47 silly doSerial install 0
48 silly doSerial postinstall 0
49 verbose unlock done using /Users/guilhermebranco/.npm/_locks/staging-977235078de3b08b.lock for /Users/guilhermebranco/Documents/Trabalho/Mercedes/SINFO-frontend-challenge/node_modules/.staging
50 silly executeActions Finishing
51 silly rollbackFailedOptional Starting
52 silly rollbackFailedOptional Finishing
53 silly install runPostinstallTopLevelLifecycles
54 silly build frontend-challenge@1.0.0
55 info linkStuff frontend-challenge@1.0.0
56 silly linkStuff frontend-challenge@1.0.0 has /Users/guilhermebranco/Documents/Trabalho/Mercedes as its parent node_modules
57 verbose linkBins frontend-challenge@1.0.0
58 verbose linkMans frontend-challenge@1.0.0
59 silly install frontend-challenge@1.0.0 /Users/guilhermebranco/Documents/Trabalho/Mercedes/SINFO-frontend-challenge/frontend-challenge-01a8c2e4
60 info lifecycle frontend-challenge@1.0.0~install: frontend-challenge@1.0.0
61 silly lifecycle frontend-challenge@1.0.0~install: no script for install, continuing
62 silly postinstall frontend-challenge@1.0.0 /Users/guilhermebranco/Documents/Trabalho/Mercedes/SINFO-frontend-challenge/frontend-challenge-01a8c2e4
63 info lifecycle frontend-challenge@1.0.0~postinstall: frontend-challenge@1.0.0
64 verbose lifecycle frontend-challenge@1.0.0~postinstall: unsafe-perm in lifecycle true
65 verbose lifecycle frontend-challenge@1.0.0~postinstall: PATH: /usr/local/lib/node_modules/npm/bin/node-gyp-bin:/Users/guilhermebranco/Documents/Trabalho/Mercedes/SINFO-frontend-challenge/node_modules/.bin:/Users/guilhermebranco/Documents/Faculdade/SistemasDistribuidos/apache-maven-3.3.9/bin:/usr/local/bin:/usr/bin:/bin:/usr/sbin:/sbin:/opt/X11/bin:/Library/Frameworks/Mono.framework/Versions/Current/Commands:/Applications/Wireshark.app/Contents/MacOS
66 verbose lifecycle frontend-challenge@1.0.0~postinstall: CWD: /Users/guilhermebranco/Documents/Trabalho/Mercedes/SINFO-frontend-challenge
67 silly lifecycle frontend-challenge@1.0.0~postinstall: Args: [ '-c', 'build-css' ]
68 info lifecycle frontend-challenge@1.0.0~postinstall: Failed to exec postinstall script
69 verbose stack Error: frontend-challenge@1.0.0 postinstall: `build-css`
69 verbose stack spawn ENOENT
69 verbose stack     at ChildProcess.<anonymous> (/usr/local/lib/node_modules/npm/lib/utils/spawn.js:33:16)
69 verbose stack     at emitTwo (events.js:106:13)
69 verbose stack     at ChildProcess.emit (events.js:191:7)
69 verbose stack     at maybeClose (internal/child_process.js:891:16)
69 verbose stack     at Process.ChildProcess._handle.onexit (internal/child_process.js:226:5)
70 verbose pkgid frontend-challenge@1.0.0
71 verbose cwd /Users/guilhermebranco/Documents/Trabalho/Mercedes/SINFO-frontend-challenge
72 error Darwin 17.2.0
73 error argv "/usr/local/bin/node" "/usr/local/bin/npm" "install"
74 error node v6.11.2
75 error npm  v3.10.10
76 error file sh
77 error code ELIFECYCLE
78 error errno ENOENT
79 error syscall spawn
80 error frontend-challenge@1.0.0 postinstall: `build-css`
80 error spawn ENOENT
81 error Failed at the frontend-challenge@1.0.0 postinstall script 'build-css'.
81 error Make sure you have the latest version of node.js and npm installed.
81 error If you do, this is most likely a problem with the frontend-challenge package,
81 error not with npm itself.
81 error Tell the author that this fails on your system:
81 error     build-css
81 error You can get information on how to open an issue for this project with:
81 error     npm bugs frontend-challenge
81 error Or if that isn't available, you can get their info via:
81 error     npm owner ls frontend-challenge
81 error There is likely additional logging output above.
82 verbose exit [ 1, true ]
